1: lo: <LOOPBACK,UP,LOWER_UP> mtu 65536 qdisc noqueue state UNKNOWN group default qlen 1000
    link/loopback 00:00:00:00:00:00 brd 00:00:00:00:00:00
    inet 127.0.0.1/8 scope host lo
       valid_lft forever preferred_lft forever
    inet6 ::1/128 scope host 
       valid_lft forever preferred_lft forever
2: enp0s31f6: <NO-CARRIER,BROADCAST,MULTICAST,UP> mtu 1500 qdisc fq_codel state DOWN group default qlen 1000
    link/ether 38:14:28:4e:5d:77 brd ff:ff:ff:ff:ff:ff
3: wlp0s20f3: <BROADCAST,MULTICAST,UP,LOWER_UP> mtu 1500 qdisc noqueue state UP group default qlen 1000
    link/ether f4:4e:e3:43:ff:ee brd ff:ff:ff:ff:ff:ff
    inet 192.168.1.8/24 brd 192.168.1.255 scope global dynamic noprefixroute wlp0s20f3
       valid_lft 84433sec preferred_lft 84433sec
    inet6 2800:a4:3228:4c00:5b8d:42e1:83a8:43c/64 scope global temporary dynamic 
       valid_lft 25395sec preferred_lft 25395sec
    inet6 2800:a4:3228:4c00:8014:8543:43ed:1db7/64 scope global dynamic mngtmpaddr noprefixroute 
       valid_lft 25395sec preferred_lft 25395sec
    inet6 fe80::d238:5bcb:11bc:483b/64 scope link noprefixroute 
       valid_lft forever preferred_lft forever
       
 Command: ip a
 Explanation: This command displays network interface information, including yout IP address default gateway, and DNS servers.
 
Internet Protocol (IP): is a unique address assigned to each device on a network
Subnet mask (Mask): is used to determinate which part ot the IP is the network indentifier and which part is the host identifier. 
Domain Name System (DNS): translate domain names into IP adressess
Getaway: is a device that connects and routes traffic between different networks
NEtwork Address Translation: is a technique used to map private IP addressess to a single public IP adress for internet communication. 
